# JRE version: OpenJDK Runtime Environment (8.0_302-b08) (build 1.8.0_302-b08)
# Java VM: OpenJDK 64-Bit Server VM (25.302-b08 mixed mode windows-amd64 compressed oops)
Heap:
 PSYoungGen      total 136192K, used 50288K [0x00000000d6780000, 0x00000000e9180000, 0x0000000100000000)
  eden space 131072K, 38% used [0x00000000d6780000,0x00000000d989c1d0,0x00000000de780000)
  from space 5120K, 0% used [0x00000000de780000,0x00000000de780000,0x00000000dec80000)
  to   space 21504K, 0% used [0x00000000e7c80000,0x00000000e7c80000,0x00000000e9180000)
 ParOldGen       total 93696K, used 28004K [0x0000000083600000, 0x0000000089180000, 0x00000000d6780000)
  object space 93696K, 29% used [0x0000000083600000,0x00000000851593b8,0x0000000089180000)
 Metaspace       used 23157K, capacity 23604K, committed 23808K, reserved 1071104K
  class space    used 2885K, capacity 3000K, committed 3072K, reserved 1048576K
GC Heap History (10 events):
Event: 0.748 GC heap before
{Heap before GC invocations=2 (full 0):
 PSYoungGen      total 37888K, used 37883K [0x00000000d6780000, 0x00000000db180000, 0x0000000100000000)
  eden space 32768K, 100% used [0x00000000d6780000,0x00000000d8780000,0x00000000d8780000)
  from space 5120K, 99% used [0x00000000d8780000,0x00000000d8c7ed38,0x00000000d8c80000)
  to   space 5120K, 0% used [0x00000000dac80000,0x00000000dac80000,0x00000000db180000)
 ParOldGen       total 86016K, used 1500K [0x0000000083600000, 0x0000000088a00000, 0x00000000d6780000)
  object space 86016K, 1% used [0x0000000083600000,0x0000000083777198,0x0000000088a00000)
 Metaspace       used 8543K, capacity 8616K, committed 8832K, reserved 1056768K
  class space    used 1023K, capacity 1076K, committed 1152K, reserved 1048576K
Event: 0.755 GC heap after
Heap after GC invocations=2 (full 0):
 PSYoungGen      total 70656K, used 5110K [0x00000000d6780000, 0x00000000db180000, 0x0000000100000000)
  eden space 65536K, 0% used [0x00000000d6780000,0x00000000d6780000,0x00000000da780000)
  from space 5120K, 99% used [0x00000000dac80000,0x00000000db17d9c0,0x00000000db180000)
  to   space 5120K, 0% used [0x00000000da780000,0x00000000da780000,0x00000000dac80000)
 ParOldGen       total 86016K, used 11446K [0x0000000083600000, 0x0000000088a00000, 0x00000000d6780000)
  object space 86016K, 13% used [0x0000000083600000,0x000000008412daf8,0x0000000088a00000)
 Metaspace       used 8543K, capacity 8616K, committed 8832K, reserved 1056768K
  class space    used 1023K, capacity 1076K, committed 1152K, reserved 1048576K
}
Event: 1.325 GC heap before
{Heap before GC invocations=3 (full 0):
 PSYoungGen      total 70656K, used 70646K [0x00000000d6780000, 0x00000000db180000, 0x0000000100000000)
  eden space 65536K, 100% used [0x00000000d6780000,0x00000000da780000,0x00000000da780000)
  from space 5120K, 99% used [0x00000000dac80000,0x00000000db17d9c0,0x00000000db180000)
  to   space 5120K, 0% used [0x00000000da780000,0x00000000da780000,0x00000000dac80000)
 ParOldGen       total 86016K, used 11446K [0x0000000083600000, 0x0000000088a00000, 0x00000000d6780000)
  object space 86016K, 13% used [0x0000000083600000,0x000000008412daf8,0x0000000088a00000)
 Metaspace       used 15207K, capacity 15338K, committed 15616K, reserved 1062912K
  class space    used 1926K, capacity 1983K, committed 2048K, reserved 1048576K
Event: 1.333 GC heap after
Heap after GC invocations=3 (full 0):
 PSYoungGen      total 70656K, used 5116K [0x00000000d6780000, 0x00000000df180000, 0x0000000100000000)
  eden space 65536K, 0% used [0x00000000d6780000,0x00000000d6780000,0x00000000da780000)
  from space 5120K, 99% used [0x00000000da780000,0x00000000dac7f080,0x00000000dac80000)
  to   space 5120K, 0% used [0x00000000dec80000,0x00000000dec80000,0x00000000df180000)
 ParOldGen       total 86016K, used 24522K [0x0000000083600000, 0x0000000088a00000, 0x00000000d6780000)
  object space 86016K, 28% used [0x0000000083600000,0x0000000084df2ba0,0x0000000088a00000)
 Metaspace       used 15207K, capacity 15338K, committed 15616K, reserved 1062912K
  class space    used 1926K, capacity 1983K, committed 2048K, reserved 1048576K
}
Event: 2.047 GC heap before
{Heap before GC invocations=4 (full 0):
 PSYoungGen      total 70656K, used 70652K [0x00000000d6780000, 0x00000000df180000, 0x0000000100000000)
  eden space 65536K, 100% used [0x00000000d6780000,0x00000000da780000,0x00000000da780000)
  from space 5120K, 99% used [0x00000000da780000,0x00000000dac7f080,0x00000000dac80000)
  to   space 5120K, 0% used [0x00000000dec80000,0x00000000dec80000,0x00000000df180000)
 ParOldGen       total 86016K, used 24522K [0x0000000083600000, 0x0000000088a00000, 0x00000000d6780000)
  object space 86016K, 28% used [0x0000000083600000,0x0000000084df2ba0,0x0000000088a00000)
 Metaspace       used 20201K, capacity 20406K, committed 20608K, reserved 1067008K
  class space    used 2553K, capacity 2613K, committed 2688K, reserved 1048576K
Event: 2.054 GC heap after
Heap after GC invocations=4 (full 0):
 PSYoungGen      total 136192K, used 5117K [0x00000000d6780000, 0x00000000df180000, 0x0000000100000000)
  eden space 131072K, 0% used [0x00000000d6780000,0x00000000d6780000,0x00000000de780000)
  from space 5120K, 99% used [0x00000000dec80000,0x00000000df17f470,0x00000000df180000)
  to   space 5120K, 0% used [0x00000000de780000,0x00000000de780000,0x00000000dec80000)
 ParOldGen       total 86016K, used 31306K [0x0000000083600000, 0x0000000088a00000, 0x00000000d6780000)
  object space 86016K, 36% used [0x0000000083600000,0x00000000854928a0,0x0000000088a00000)
 Metaspace       used 20201K, capacity 20406K, committed 20608K, reserved 1067008K
  class space    used 2553K, capacity 2613K, committed 2688K, reserved 1048576K
}
Event: 2.258 GC heap before
{Heap before GC invocations=5 (full 0):
 PSYoungGen      total 136192K, used 26140K [0x00000000d6780000, 0x00000000df180000, 0x0000000100000000)
  eden space 131072K, 16% used [0x00000000d6780000,0x00000000d7c07da0,0x00000000de780000)
  from space 5120K, 99% used [0x00000000dec80000,0x00000000df17f470,0x00000000df180000)
  to   space 5120K, 0% used [0x00000000de780000,0x00000000de780000,0x00000000dec80000)
 ParOldGen       total 86016K, used 31306K [0x0000000083600000, 0x0000000088a00000, 0x00000000d6780000)
  object space 86016K, 36% used [0x0000000083600000,0x00000000854928a0,0x0000000088a00000)
 Metaspace       used 20772K, capacity 21110K, committed 21248K, reserved 1067008K
  class space    used 2614K, capacity 2709K, committed 2816K, reserved 1048576K
Event: 2.264 GC heap after
Heap after GC invocations=5 (full 0):
 PSYoungGen      total 136192K, used 5118K [0x00000000d6780000, 0x00000000e9180000, 0x0000000100000000)
  eden space 131072K, 0% used [0x00000000d6780000,0x00000000d6780000,0x00000000de780000)
  from space 5120K, 99% used [0x00000000de780000,0x00000000dec7f850,0x00000000dec80000)
  to   space 21504K, 0% used [0x00000000e7c80000,0x00000000e7c80000,0x00000000e9180000)
 ParOldGen       total 86016K, used 31552K [0x0000000083600000, 0x0000000088a00000, 0x00000000d6780000)
  object space 86016K, 36% used [0x0000000083600000,0x00000000854d0338,0x0000000088a00000)
 Metaspace       used 20772K, capacity 21110K, committed 21248K, reserved 1067008K
  class space    used 2614K, capacity 2709K, committed 2816K, reserved 1048576K
}
Event: 2.264 GC heap before
{Heap before GC invocations=6 (full 1):
 PSYoungGen      total 136192K, used 5118K [0x00000000d6780000, 0x00000000e9180000, 0x0000000100000000)
  eden space 131072K, 0% used [0x00000000d6780000,0x00000000d6780000,0x00000000de780000)
  from space 5120K, 99% used [0x00000000de780000,0x00000000dec7f850,0x00000000dec80000)
  to   space 21504K, 0% used [0x00000000e7c80000,0x00000000e7c80000,0x00000000e9180000)
 ParOldGen       total 86016K, used 31552K [0x0000000083600000, 0x0000000088a00000, 0x00000000d6780000)
  object space 86016K, 36% used [0x0000000083600000,0x00000000854d0338,0x0000000088a00000)
 Metaspace       used 20772K, capacity 21110K, committed 21248K, reserved 1067008K
  class space    used 2614K, capacity 2709K, committed 2816K, reserved 1048576K
Event: 2.307 GC heap after
Heap after GC invocations=6 (full 1):
 PSYoungGen      total 136192K, used 0K [0x00000000d6780000, 0x00000000e9180000, 0x0000000100000000)
  eden space 131072K, 0% used [0x00000000d6780000,0x00000000d6780000,0x00000000de780000)
  from space 5120K, 0% used [0x00000000de780000,0x00000000de780000,0x00000000dec80000)
  to   space 21504K, 0% used [0x00000000e7c80000,0x00000000e7c80000,0x00000000e9180000)
 ParOldGen       total 93696K, used 28004K [0x0000000083600000, 0x0000000089180000, 0x00000000d6780000)
  object space 93696K, 29% used [0x0000000083600000,0x00000000851593b8,0x0000000089180000)
 Metaspace       used 20772K, capacity 21110K, committed 21248K, reserved 1067008K
  class space    used 2614K, capacity 2709K, committed 2816K, reserved 1048576K
}

